<?xml version="1.0" encoding="UTF-8"?>
<!-- Generated by org.testng.reporters.JUnitXMLReporter -->
<testsuite ignored="7" hostname="DESKTOP-2T4V8L2" failures="0" tests="1" name="Copy Company" time="26.365" errors="0" timestamp="2023-09-28T07:57:29 IST">
  <testcase classname="Backend_TestCases.ManageCompanySetting" name="adminSetting" time="26.252"/>
  <testcase classname="Backend_TestCases.ManageCompanySetting" name="createCompany" time="0.0">
    <ignored/>
  </testcase> <!-- createCompany -->
  <testcase classname="Backend_TestCases.ManageCompanySetting" name="validateCreateCompanyForm" time="0.0">
    <ignored/>
  </testcase> <!-- validateCreateCompanyForm -->
  <testcase classname="Backend_TestCases.ManageCompanySetting" name="copyCompanyLanguage" time="0.0">
    <ignored/>
  </testcase> <!-- copyCompanyLanguage -->
  <testcase classname="Backend_TestCases.ManageCompanySetting" name="openManageCompanySetting" time="0.0">
    <ignored/>
  </testcase> <!-- openManageCompanySetting -->
  <testcase classname="Backend_TestCases.ManageCompanySetting" name="cardEmailSetting" time="0.0">
    <ignored/>
  </testcase> <!-- cardEmailSetting -->
  <testcase classname="Backend_TestCases.ManageCompanySetting" name="changeCompanyStatus" time="0.0">
    <ignored/>
  </testcase> <!-- changeCompanyStatus -->
  <testcase classname="Backend_TestCases.ManageCompanySetting" name="validateManageCompanySettingPage" time="0.0">
    <ignored/>
  </testcase> <!-- validateManageCompanySettingPage -->
</testsuite> <!-- Copy Company -->
