<?xml version="1.0" encoding="UTF-8"?>
<!-- Generated by org.testng.reporters.JUnitXMLReporter -->
<testsuite ignored="7" hostname="FIPC-101" failures="0" tests="1" name="Create Company" time="152.463" errors="0" timestamp="2023-10-05T11:08:09 IST">
  <testcase classname="Backend_TestCases.ManageCompanySetting" name="createCompany" time="152.416"/>
  <testcase classname="Backend_TestCases.ManageCompanySetting" name="validateManageCompanySettingPage" time="0.0">
    <ignored/>
  </testcase> <!-- validateManageCompanySettingPage -->
  <testcase classname="Backend_TestCases.ManageCompanySetting" name="changeCompanyStatus" time="0.0">
    <ignored/>
  </testcase> <!-- changeCompanyStatus -->
  <testcase classname="Backend_TestCases.ManageCompanySetting" name="openManageCompanySetting" time="0.0">
    <ignored/>
  </testcase> <!-- openManageCompanySetting -->
  <testcase classname="Backend_TestCases.ManageCompanySetting" name="validateCreateCompanyForm" time="0.0">
    <ignored/>
  </testcase> <!-- validateCreateCompanyForm -->
  <testcase classname="Backend_TestCases.ManageCompanySetting" name="copyCompanyLanguage" time="0.0">
    <ignored/>
  </testcase> <!-- copyCompanyLanguage -->
  <testcase classname="Backend_TestCases.ManageCompanySetting" name="adminSetting" time="0.0">
    <ignored/>
  </testcase> <!-- adminSetting -->
  <testcase classname="Backend_TestCases.ManageCompanySetting" name="cardEmailSetting" time="0.0">
    <ignored/>
  </testcase> <!-- cardEmailSetting -->
</testsuite> <!-- Create Company -->
