<?xml version="1.0" encoding="UTF-8"?>
<!-- Generated by org.testng.reporters.JUnitXMLReporter -->
<testsuite ignored="2" hostname="FILT111" failures="0" tests="1" name="Dashboard Validation - Method 2" time="54.325" errors="0" timestamp="2023-09-02T18:47:07 IST">
  <testcase classname="Backend_TestCases.Dashboard" name="bulkEmployeeDownload" time="54.256"/>
  <testcase classname="Backend_TestCases.Dashboard" name="dashboard" time="0.0">
    <ignored/>
  </testcase> <!-- dashboard -->
  <testcase classname="Backend_TestCases.Dashboard" name="changeLanguage" time="0.0">
    <ignored/>
  </testcase> <!-- changeLanguage -->
</testsuite> <!-- Dashboard Validation - Method 2 -->
