<?xml version="1.0" encoding="UTF-8"?>
<!-- Generated by org.testng.reporters.JUnitXMLReporter -->
<testsuite ignored="2" hostname="FILT111" failures="0" tests="1" name="Dashboard Validation" time="0.645" errors="0" timestamp="2023-09-03T17:53:09 IST">
  <testcase classname="Backend_TestCases.Dashboard" name="dashboard" time="0.606"/>
  <testcase classname="Backend_TestCases.Dashboard" name="bulkEmployeeDownload" time="0.0">
    <ignored/>
  </testcase> <!-- bulkEmployeeDownload -->
  <testcase classname="Backend_TestCases.Dashboard" name="changeLanguage" time="0.0">
    <ignored/>
  </testcase> <!-- changeLanguage -->
</testsuite> <!-- Dashboard Validation -->
