<?xml version="1.0" encoding="UTF-8"?>
<!-- Generated by org.testng.reporters.JUnitXMLReporter -->
<testsuite ignored="2" hostname="FIPC-101" failures="0" tests="1" name="Dashboard Bulk Employee Download" time="44.87" errors="0" timestamp="2023-10-06T14:38:57 IST">
  <testcase classname="Backend_TestCases.Dashboard" name="validateDashboard" time="44.836"/>
  <testcase classname="Backend_TestCases.Dashboard" name="dashboard" time="0.0">
    <ignored/>
  </testcase> <!-- dashboard -->
  <testcase classname="Backend_TestCases.Dashboard" name="changeLanguage" time="0.0">
    <ignored/>
  </testcase> <!-- changeLanguage -->
</testsuite> <!-- Dashboard Bulk Employee Download -->
