<?xml version="1.0" encoding="UTF-8"?>
<!-- Generated by org.testng.reporters.JUnitXMLReporter -->
<testsuite ignored="2" hostname="FIPC-101" failures="0" tests="1" name="Dashboard Validation" time="0.284" errors="0" timestamp="2023-10-06T14:38:12 IST">
  <testcase classname="Backend_TestCases.Dashboard" name="dashboard" time="0.266"/>
  <testcase classname="Backend_TestCases.Dashboard" name="validateDashboard" time="0.0">
    <ignored/>
  </testcase> <!-- validateDashboard -->
  <testcase classname="Backend_TestCases.Dashboard" name="changeLanguage" time="0.0">
    <ignored/>
  </testcase> <!-- changeLanguage -->
</testsuite> <!-- Dashboard Validation -->
