<?xml version="1.0" encoding="UTF-8"?>
<!-- Generated by org.testng.reporters.JUnitXMLReporter -->
<testsuite ignored="2" hostname="FILT111" failures="0" tests="1" name="Dashboard Change Language" time="8.998" errors="0" timestamp="2023-09-03T17:54:25 IST">
  <testcase classname="Backend_TestCases.Dashboard" name="changeLanguage" time="8.926"/>
  <testcase classname="Backend_TestCases.Dashboard" name="dashboard" time="0.0">
    <ignored/>
  </testcase> <!-- dashboard -->
  <testcase classname="Backend_TestCases.Dashboard" name="bulkEmployeeDownload" time="0.0">
    <ignored/>
  </testcase> <!-- bulkEmployeeDownload -->
</testsuite> <!-- Dashboard Change Language -->
