<?xml version="1.0" encoding="UTF-8"?>
<!-- Generated by org.testng.reporters.JUnitXMLReporter -->
<testsuite ignored="3" hostname="FILT111" failures="0" tests="2" name="Manage Company Setting" time="22.548" errors="0" timestamp="2023-09-04T00:20:22 IST">
  <testcase classname="Backend_TestCases.ManageCompanySetting" name="openManageCompanySetting" time="8.354"/>
  <testcase classname="Backend_TestCases.ManageCompanySetting" name="changeCompanyLanguage" time="14.111"/>
  <testcase classname="Backend_TestCases.ManageCompanySetting" name="validateManageCompanySettingPage" time="0.0">
    <ignored/>
  </testcase> <!-- validateManageCompanySettingPage -->
  <testcase classname="Backend_TestCases.ManageCompanySetting" name="validateCreateCompanyForm" time="0.0">
    <ignored/>
  </testcase> <!-- validateCreateCompanyForm -->
  <testcase classname="Backend_TestCases.ManageCompanySetting" name="createCompany" time="0.0">
    <ignored/>
  </testcase> <!-- createCompany -->
</testsuite> <!-- Manage Company Setting -->
