<?xml version="1.0" encoding="UTF-8"?>
<!-- Generated by org.testng.reporters.JUnitXMLReporter -->
<testsuite ignored="1" hostname="FIPC-101" failures="1" tests="2" name="Manage Links" time="74.156" errors="0" timestamp="2023-09-14T18:37:32 IST">
  <testcase classname="Backend_TestCases.ManageLinks" name="openManageLinks" time="51.994"/>
  <testcase classname="Backend_TestCases.ManageLinks" name="addLink" time="0.001">
    <failure type="java.lang.IllegalArgumentException" message="Cannot find elements when the XPath is null.">
      <![CDATA[java.lang.IllegalArgumentException: Cannot find elements when the XPath is null.
at org.openqa.selenium.internal.Require$ArgumentChecker.nonNull(Require.java:207)
at org.openqa.selenium.By$ByXPath.<init>(By.java:286)
at org.openqa.selenium.By.xpath(By.java:89)
at Utility.GenericKeywords.getLocator(GenericKeywords.java:396)
at Utility.GenericKeywords.presenceOfElement(GenericKeywords.java:265)
at Utility.GenericKeywords.getElement(GenericKeywords.java:314)
at Utility.GenericKeywords.click(GenericKeywords.java:137)
at Backend_TestCases.ManageLinks.addLink(ManageLinks.java:18)
at java.base/java.util.ArrayList.forEach(ArrayList.java:1511)
... Removed 27 stack frames]]>
    </failure>
  </testcase> <!-- addLink -->
  <testcase classname="Backend_TestCases.ManageLinks" name="editTab" time="0.0">
    <ignored/>
  </testcase> <!-- editTab -->
</testsuite> <!-- Manage Links -->
