<?xml version="1.0" encoding="UTF-8"?>
<!-- Generated by org.testng.reporters.JUnitXMLReporter -->
<testsuite ignored="7" hostname="FIPC-101" failures="0" tests="2" name="Manage Company" time="29.945" errors="0" timestamp="2023-09-28T16:43:49 IST">
  <testcase classname="Backend_TestCases.ManageCompany" name="openManageCompany" time="8.281"/>
  <testcase classname="Backend_TestCases.ManageCompany" name="validateManageCompany" time="21.632"/>
  <testcase classname="Backend_TestCases.ManageCompany" name="changeEntriesFilter" time="0.0">
    <ignored/>
  </testcase> <!-- changeEntriesFilter -->
  <testcase classname="Backend_TestCases.ManageCompany" name="selectTheme" time="0.0">
    <ignored/>
  </testcase> <!-- selectTheme -->
  <testcase classname="Backend_TestCases.ManageCompany" name="validateCompanySettingsIcon" time="0.0">
    <ignored/>
  </testcase> <!-- validateCompanySettingsIcon -->
  <testcase classname="Backend_TestCases.ManageCompany" name="updateCompanySetting" time="0.0">
    <ignored/>
  </testcase> <!-- updateCompanySetting -->
  <testcase classname="Backend_TestCases.ManageCompany" name="setVirtualBackground" time="0.0">
    <ignored/>
  </testcase> <!-- setVirtualBackground -->
  <testcase classname="Backend_TestCases.ManageCompany" name="manageCompanyAddAboutUS" time="0.0">
    <ignored/>
  </testcase> <!-- manageCompanyAddAboutUS -->
  <testcase classname="Backend_TestCases.ManageCompany" name="employeeIDCardSettings" time="0.0">
    <ignored/>
  </testcase> <!-- employeeIDCardSettings -->
</testsuite> <!-- Manage Company -->
