<?xml version="1.0" encoding="UTF-8"?>
<!-- Generated by org.testng.reporters.JUnitXMLReporter -->
<testsuite ignored="7" hostname="DESKTOP-2T4V8L2" failures="0" tests="2" name="Manage Company" time="78.468" errors="0" timestamp="2023-10-02T21:30:14 IST">
  <testcase classname="Backend_TestCases.ManageCompany" name="openManageCompany" time="16.271"/>
  <testcase classname="Backend_TestCases.ManageCompany" name="manageCompanyAddAboutUS" time="62.007"/>
  <testcase classname="Backend_TestCases.ManageCompany" name="validateManageCompany" time="0.0">
    <ignored/>
  </testcase> <!-- validateManageCompany -->
  <testcase classname="Backend_TestCases.ManageCompany" name="changeEntriesFilter" time="0.0">
    <ignored/>
  </testcase> <!-- changeEntriesFilter -->
  <testcase classname="Backend_TestCases.ManageCompany" name="selectTheme" time="0.0">
    <ignored/>
  </testcase> <!-- selectTheme -->
  <testcase classname="Backend_TestCases.ManageCompany" name="validateCompanySettingsIcon" time="0.0">
    <ignored/>
  </testcase> <!-- validateCompanySettingsIcon -->
  <testcase classname="Backend_TestCases.ManageCompany" name="updateCompanySetting" time="0.0">
    <ignored/>
  </testcase> <!-- updateCompanySetting -->
  <testcase classname="Backend_TestCases.ManageCompany" name="setVirtualBackground" time="0.0">
    <ignored/>
  </testcase> <!-- setVirtualBackground -->
  <testcase classname="Backend_TestCases.ManageCompany" name="employeeIDCardSettings" time="0.0">
    <ignored/>
  </testcase> <!-- employeeIDCardSettings -->
</testsuite> <!-- Manage Company -->
