<?xml version="1.0" encoding="UTF-8"?>
<!-- Generated by org.testng.reporters.JUnitXMLReporter -->
<testsuite ignored="3" hostname="FIPC-101" failures="0" tests="2" name="Manage Licensee" time="663.007" errors="0" timestamp="2023-10-11T17:00:37 IST">
  <testcase classname="Backend_TestCases.ManageLicensee" name="openManageLicensee" time="14.547"/>
  <testcase classname="Backend_TestCases.ManageLicensee" name="createLicensee" time="648.429"/>
  <testcase classname="Backend_TestCases.ManageLicensee" name="changeEntriesFilter" time="0.0">
    <ignored/>
  </testcase> <!-- changeEntriesFilter -->
  <testcase classname="Backend_TestCases.ManageLicensee" name="editLicensee" time="0.0">
    <ignored/>
  </testcase> <!-- editLicensee -->
  <testcase classname="Backend_TestCases.ManageLicensee" name="validateManageLicenseePage" time="0.0">
    <ignored/>
  </testcase> <!-- validateManageLicenseePage -->
</testsuite> <!-- Manage Licensee -->
