<?xml version="1.0" encoding="UTF-8"?>
<!-- Generated by org.testng.reporters.JUnitXMLReporter -->
<testsuite ignored="3" hostname="DESKTOP-2T4V8L2" failures="0" tests="3" name="Manage Department" time="45.007" errors="0" timestamp="2023-10-12T23:10:38 IST">
  <testcase classname="Backend_TestCases.ManageDepartment" name="openManageDepartment" time="14.996"/>
  <testcase classname="Backend_TestCases.ManageDepartment" name="changeDefaultDepartmentCompany" time="15.194"/>
  <testcase classname="Backend_TestCases.ManageDepartment" name="deleteDepartment" time="14.691"/>
  <testcase classname="Backend_TestCases.ManageDepartment" name="validateManageDepartment" time="0.0">
    <ignored/>
  </testcase> <!-- validateManageDepartment -->
  <testcase classname="Backend_TestCases.ManageDepartment" name="editDepartment" time="0.0">
    <ignored/>
  </testcase> <!-- editDepartment -->
  <testcase classname="Backend_TestCases.ManageDepartment" name="addDepartment" time="0.0">
    <ignored/>
  </testcase> <!-- addDepartment -->
</testsuite> <!-- Manage Department -->
