<?xml version="1.0" encoding="UTF-8"?>
<!-- Generated by org.testng.reporters.JUnitXMLReporter -->
<testsuite ignored="5" hostname="DESKTOP-2T4V8L2" failures="0" tests="2" name="Manage Category" time="22.797" errors="0" timestamp="2023-09-28T03:59:44 IST">
  <testcase classname="Backend_TestCases.ManageCategory" name="openManageCategory" time="14.236"/>
  <testcase classname="Backend_TestCases.ManageCategory" name="deleteCategory" time="8.436"/>
  <testcase classname="Backend_TestCases.ManageCategory" name="enableDisableSubCategory" time="0.0">
    <ignored/>
  </testcase> <!-- enableDisableSubCategory -->
  <testcase classname="Backend_TestCases.ManageCategory" name="enableDisableCategory" time="0.0">
    <ignored/>
  </testcase> <!-- enableDisableCategory -->
  <testcase classname="Backend_TestCases.ManageCategory" name="addSubCategory" time="0.0">
    <ignored/>
  </testcase> <!-- addSubCategory -->
  <testcase classname="Backend_TestCases.ManageCategory" name="addCategory" time="0.0">
    <ignored/>
  </testcase> <!-- addCategory -->
  <testcase classname="Backend_TestCases.ManageCategory" name="validateManageCategoryPage" time="0.0">
    <ignored/>
  </testcase> <!-- validateManageCategoryPage -->
</testsuite> <!-- Manage Category -->
