<?xml version="1.0" encoding="UTF-8"?>
<!-- Generated by org.testng.reporters.JUnitXMLReporter -->
<testsuite ignored="0" hostname="FIPC-101" failures="0" tests="3" name="Manage Department" time="49.211" errors="0" timestamp="2023-10-12T19:44:55 IST">
  <testcase classname="Backend_TestCases.ManageDepartment" name="openManageDepartment" time="13.947"/>
  <testcase classname="Backend_TestCases.ManageDepartment" name="validateManageDepartment" time="2.343"/>
  <testcase classname="Backend_TestCases.ManageDepartment" name="addDepartment" time="32.89"/>
</testsuite> <!-- Manage Department -->
