<?xml version="1.0" encoding="UTF-8"?>
<!-- Generated by org.testng.reporters.JUnitXMLReporter -->
<testsuite ignored="5" hostname="FILT111" failures="0" tests="1" name="Manage Company Setting Validate Create Company Form" time="8.26" errors="0" timestamp="2023-09-04T03:07:00 IST">
  <testcase classname="Backend_TestCases.ManageCompanySetting" name="validateCreateCompanyForm" time="8.199"/>
  <testcase classname="Backend_TestCases.ManageCompanySetting" name="changeCompanyStatus" time="0.0">
    <ignored/>
  </testcase> <!-- changeCompanyStatus -->
  <testcase classname="Backend_TestCases.ManageCompanySetting" name="openManageCompanySetting" time="0.0">
    <ignored/>
  </testcase> <!-- openManageCompanySetting -->
  <testcase classname="Backend_TestCases.ManageCompanySetting" name="validateManageCompanySettingPage" time="0.0">
    <ignored/>
  </testcase> <!-- validateManageCompanySettingPage -->
  <testcase classname="Backend_TestCases.ManageCompanySetting" name="changeCompanyLanguage" time="0.0">
    <ignored/>
  </testcase> <!-- changeCompanyLanguage -->
  <testcase classname="Backend_TestCases.ManageCompanySetting" name="createCompany" time="0.0">
    <ignored/>
  </testcase> <!-- createCompany -->
</testsuite> <!-- Manage Company Setting Validate Create Company Form -->
