<?xml version="1.0" encoding="UTF-8"?>
<!-- Generated by org.testng.reporters.JUnitXMLReporter -->
<testsuite ignored="4" hostname="FIPC-101" failures="0" tests="2" name="Manage Division" time="61.432" errors="0" timestamp="2023-10-11T18:24:29 IST">
  <testcase classname="Backend_TestCases.ManageTemplateMap" name="openManageTemplate" time="14.023"/>
  <testcase classname="Backend_TestCases.ManageTemplateMap" name="validateTemplateMapDivision" time="47.37"/>
  <testcase classname="Backend_TestCases.ManageTemplateMap" name="validateManageTemplateMap" time="0.0">
    <ignored/>
  </testcase> <!-- validateManageTemplateMap -->
  <testcase classname="Backend_TestCases.ManageTemplateMap" name="addtemplate" time="0.0">
    <ignored/>
  </testcase> <!-- addtemplate -->
  <testcase classname="Backend_TestCases.ManageTemplateMap" name="templateMapDivision" time="0.0">
    <ignored/>
  </testcase> <!-- templateMapDivision -->
  <testcase classname="Backend_TestCases.ManageTemplateMap" name="editTemplate" time="0.0">
    <ignored/>
  </testcase> <!-- editTemplate -->
</testsuite> <!-- Manage Division -->
