<?xml version="1.0" encoding="UTF-8"?>
<!-- Generated by org.testng.reporters.JUnitXMLReporter -->
<testsuite ignored="5" hostname="FIPC-101" failures="0" tests="2" name="Manage Category" time="18.664" errors="0" timestamp="2023-09-28T11:01:12 IST">
  <testcase classname="Backend_TestCases.ManageCategory" name="openManageCategory" time="12.936"/>
  <testcase classname="Backend_TestCases.ManageCategory" name="deleteCategory" time="5.693"/>
  <testcase classname="Backend_TestCases.ManageCategory" name="addSubCategory" time="0.0">
    <ignored/>
  </testcase> <!-- addSubCategory -->
  <testcase classname="Backend_TestCases.ManageCategory" name="addCategory" time="0.0">
    <ignored/>
  </testcase> <!-- addCategory -->
  <testcase classname="Backend_TestCases.ManageCategory" name="enableDisableCategory" time="0.0">
    <ignored/>
  </testcase> <!-- enableDisableCategory -->
  <testcase classname="Backend_TestCases.ManageCategory" name="validateManageCategoryPage" time="0.0">
    <ignored/>
  </testcase> <!-- validateManageCategoryPage -->
  <testcase classname="Backend_TestCases.ManageCategory" name="enableDisableSubCategory" time="0.0">
    <ignored/>
  </testcase> <!-- enableDisableSubCategory -->
</testsuite> <!-- Manage Category -->
