<?xml version="1.0" encoding="UTF-8"?>
<!-- Generated by org.testng.reporters.JUnitXMLReporter -->
<testsuite ignored="5" hostname="DESKTOP-2T4V8L2" failures="0" tests="2" name="Manage Links" time="55.253" errors="0" timestamp="2023-10-03T03:38:12 IST">
  <testcase classname="Backend_TestCases.ManageLinks" name="openManageLinks" time="15.736"/>
  <testcase classname="Backend_TestCases.ManageLinks" name="enableDisableLinks" time="39.448"/>
  <testcase classname="Backend_TestCases.ManageLinks" name="addLink" time="0.0">
    <ignored/>
  </testcase> <!-- addLink -->
  <testcase classname="Backend_TestCases.ManageLinks" name="addLinkTab" time="0.0">
    <ignored/>
  </testcase> <!-- addLinkTab -->
  <testcase classname="Backend_TestCases.ManageLinks" name="editLink" time="0.0">
    <ignored/>
  </testcase> <!-- editLink -->
  <testcase classname="Backend_TestCases.ManageLinks" name="editTab" time="0.0">
    <ignored/>
  </testcase> <!-- editTab -->
  <testcase classname="Backend_TestCases.ManageLinks" name="validateManageLinks" time="0.0">
    <ignored/>
  </testcase> <!-- validateManageLinks -->
</testsuite> <!-- Manage Links -->
