<?xml version="1.0" encoding="UTF-8"?>
<!-- Generated by org.testng.reporters.JUnitXMLReporter -->
<testsuite ignored="1" hostname="DESKTOP-2T4V8L2" failures="0" tests="3" name="Manage Location" time="57.435" errors="0" timestamp="2023-10-13T02:20:28 IST">
  <testcase classname="Backend_TestCases.ManageLocation" name="openManageLocation" time="15.062"/>
  <testcase classname="Backend_TestCases.ManageLocation" name="validateManageLocation" time="0.628"/>
  <testcase classname="Backend_TestCases.ManageLocation" name="addLocation" time="41.639"/>
  <testcase classname="Backend_TestCases.ManageLocation" name="changeDefaultDepartmentCompany" time="0.0">
    <ignored/>
  </testcase> <!-- changeDefaultDepartmentCompany -->
</testsuite> <!-- Manage Location -->
