<?xml version="1.0" encoding="UTF-8"?>
<!-- Generated by org.testng.reporters.JUnitXMLReporter -->
<testsuite ignored="6" hostname="FIPC-101" failures="0" tests="3" name="Manage Template" time="112.736" errors="0" timestamp="2023-10-12T16:05:10 IST">
  <testcase classname="Backend_TestCases.ManageTemplateMap" name="openManageTemplate" time="14.203"/>
  <testcase classname="Backend_TestCases.ManageTemplateMap" name="templateMapLinks" time="44.483"/>
  <testcase classname="Backend_TestCases.ManageTemplateMap" name="templateUnMapLinks" time="54.024"/>
  <testcase classname="Backend_TestCases.ManageTemplateMap" name="addtemplate" time="0.0">
    <ignored/>
  </testcase> <!-- addtemplate -->
  <testcase classname="Backend_TestCases.ManageTemplateMap" name="validateTemplateMapDivisionCategory" time="0.0">
    <ignored/>
  </testcase> <!-- validateTemplateMapDivisionCategory -->
  <testcase classname="Backend_TestCases.ManageTemplateMap" name="editTemplate" time="0.0">
    <ignored/>
  </testcase> <!-- editTemplate -->
  <testcase classname="Backend_TestCases.ManageTemplateMap" name="templateUnMapDivisionCategory" time="0.0">
    <ignored/>
  </testcase> <!-- templateUnMapDivisionCategory -->
  <testcase classname="Backend_TestCases.ManageTemplateMap" name="validateManageTemplateMap" time="0.0">
    <ignored/>
  </testcase> <!-- validateManageTemplateMap -->
  <testcase classname="Backend_TestCases.ManageTemplateMap" name="templateMapDivisionCategory" time="0.0">
    <ignored/>
  </testcase> <!-- templateMapDivisionCategory -->
</testsuite> <!-- Manage Template -->
