<?xml version="1.0" encoding="UTF-8"?>
<!-- Generated by org.testng.reporters.JUnitXMLReporter -->
<testsuite ignored="7" hostname="DESKTOP-2T4V8L2" failures="0" tests="1" name="Open Manage Company Setting" time="9.464" errors="0" timestamp="2023-09-28T07:57:03 IST">
  <testcase classname="Backend_TestCases.ManageCompanySetting" name="openManageCompanySetting" time="9.368"/>
  <testcase classname="Backend_TestCases.ManageCompanySetting" name="createCompany" time="0.0">
    <ignored/>
  </testcase> <!-- createCompany -->
  <testcase classname="Backend_TestCases.ManageCompanySetting" name="validateManageCompanySettingPage" time="0.0">
    <ignored/>
  </testcase> <!-- validateManageCompanySettingPage -->
  <testcase classname="Backend_TestCases.ManageCompanySetting" name="changeCompanyStatus" time="0.0">
    <ignored/>
  </testcase> <!-- changeCompanyStatus -->
  <testcase classname="Backend_TestCases.ManageCompanySetting" name="copyCompanyLanguage" time="0.0">
    <ignored/>
  </testcase> <!-- copyCompanyLanguage -->
  <testcase classname="Backend_TestCases.ManageCompanySetting" name="validateCreateCompanyForm" time="0.0">
    <ignored/>
  </testcase> <!-- validateCreateCompanyForm -->
  <testcase classname="Backend_TestCases.ManageCompanySetting" name="cardEmailSetting" time="0.0">
    <ignored/>
  </testcase> <!-- cardEmailSetting -->
  <testcase classname="Backend_TestCases.ManageCompanySetting" name="adminSetting" time="0.0">
    <ignored/>
  </testcase> <!-- adminSetting -->
</testsuite> <!-- Open Manage Company Setting -->
