<?xml version="1.0" encoding="UTF-8"?>
<!-- Generated by org.testng.reporters.JUnitXMLReporter -->
<testsuite ignored="5" hostname="DESKTOP-2T4V8L2" failures="0" tests="1" name="Validate Create Company Form" time="12.487" errors="0" timestamp="2023-09-28T04:36:13 IST">
  <testcase classname="Backend_TestCases.ManageCompanySetting" name="validateCreateCompanyForm" time="12.409"/>
  <testcase classname="Backend_TestCases.ManageCompanySetting" name="copyCompanyLanguage" time="0.0">
    <ignored/>
  </testcase> <!-- copyCompanyLanguage -->
  <testcase classname="Backend_TestCases.ManageCompanySetting" name="createCompany" time="0.0">
    <ignored/>
  </testcase> <!-- createCompany -->
  <testcase classname="Backend_TestCases.ManageCompanySetting" name="validateManageCompanySettingPage" time="0.0">
    <ignored/>
  </testcase> <!-- validateManageCompanySettingPage -->
  <testcase classname="Backend_TestCases.ManageCompanySetting" name="changeCompanyStatus" time="0.0">
    <ignored/>
  </testcase> <!-- changeCompanyStatus -->
  <testcase classname="Backend_TestCases.ManageCompanySetting" name="openManageCompanySetting" time="0.0">
    <ignored/>
  </testcase> <!-- openManageCompanySetting -->
</testsuite> <!-- Validate Create Company Form -->
