<?xml version="1.0" encoding="UTF-8"?>
<!-- Generated by org.testng.reporters.JUnitXMLReporter -->
<testsuite ignored="2" hostname="FILT111" failures="1" tests="1" name="Validate Dashboard" time="9.915" errors="0" timestamp="2023-09-02T18:40:00 IST">
  <testcase classname="Backend_TestCases.Dashboard" name="dashboard" time="9.754">
    <failure type="java.lang.AssertionError" message="expected:&amp;lt;Table headers do not match expected.&amp;gt; but was:&amp;lt;true&amp;gt;">
      <![CDATA[java.lang.AssertionError: expected:<Table headers do not match expected.> but was:<true>
at org.junit.Assert.fail(Assert.java:93)
at org.junit.Assert.failNotEquals(Assert.java:647)
at org.junit.Assert.assertEquals(Assert.java:128)
at org.junit.Assert.assertEquals(Assert.java:147)
at Utility.ValidationKeyword.validateDashboardTableHeaders(ValidationKeyword.java:372)
at Backend_TestCases.Dashboard.dashboard(Dashboard.java:34)
at java.base/java.util.ArrayList.forEach(ArrayList.java:1511)
... Removed 27 stack frames]]>
    </failure>
  </testcase> <!-- dashboard -->
  <testcase classname="Backend_TestCases.Dashboard" name="bulkEmployeeDownload" time="0.0">
    <ignored/>
  </testcase> <!-- bulkEmployeeDownload -->
  <testcase classname="Backend_TestCases.Dashboard" name="changeLanguage" time="0.0">
    <ignored/>
  </testcase> <!-- changeLanguage -->
</testsuite> <!-- Validate Dashboard -->
