<?xml version="1.0" encoding="UTF-8"?>
<!-- Generated by org.testng.reporters.JUnitXMLReporter -->
<testsuite ignored="2" hostname="FILT111" failures="0" tests="1" name="Validate Valid Invalid Login" time="16.76" errors="0" timestamp="2023-09-05T12:15:27 IST">
  <testcase classname="Backend_TestCases.Login" name="validateLogin" time="16.673"/>
  <testcase classname="Backend_TestCases.Login" name="selectCompany" time="0.0">
    <ignored/>
  </testcase> <!-- selectCompany -->
  <testcase classname="Backend_TestCases.Login" name="validateLoginPage" time="0.0">
    <ignored/>
  </testcase> <!-- validateLoginPage -->
</testsuite> <!-- Validate Valid Invalid Login -->
