<?xml version="1.0" encoding="UTF-8"?>
<!-- Generated by org.testng.reporters.JUnitXMLReporter -->
<testsuite ignored="5" hostname="FILT111" failures="0" tests="1" name="Validate Manage Company Setting" time="5.532" errors="0" timestamp="2023-09-04T04:36:41 IST">
  <testcase classname="Backend_TestCases.ManageCompanySetting" name="validateManageCompanySettingPage" time="5.427"/>
  <testcase classname="Backend_TestCases.ManageCompanySetting" name="changeCompanyStatus" time="0.0">
    <ignored/>
  </testcase> <!-- changeCompanyStatus -->
  <testcase classname="Backend_TestCases.ManageCompanySetting" name="createCompany" time="0.0">
    <ignored/>
  </testcase> <!-- createCompany -->
  <testcase classname="Backend_TestCases.ManageCompanySetting" name="openManageCompanySetting" time="0.0">
    <ignored/>
  </testcase> <!-- openManageCompanySetting -->
  <testcase classname="Backend_TestCases.ManageCompanySetting" name="validateCreateCompanyForm" time="0.0">
    <ignored/>
  </testcase> <!-- validateCreateCompanyForm -->
  <testcase classname="Backend_TestCases.ManageCompanySetting" name="copyCompanyLanguage" time="0.0">
    <ignored/>
  </testcase> <!-- copyCompanyLanguage -->
</testsuite> <!-- Validate Manage Company Setting -->
