<?xml version="1.0" encoding="UTF-8"?>
<testng-results ignored="0" total="5" passed="5" failed="0" skipped="0">
  <reporter-output>
  </reporter-output>
  <suite started-at="2023-10-03T03:36:09 IST" name="Suite" finished-at="2023-10-03T03:38:12 IST" duration-ms="122192">
    <groups>
    </groups>
    <test started-at="2023-10-03T03:36:09 IST" name="Open Backend" finished-at="2023-10-03T03:36:26 IST" duration-ms="16689">
      <class name="Backend_TestCases.OpenBackend">
        <test-method is-config="true" signature="beforeTest(org.testng.ITestContext)[pri:0, instance:Backend_TestCases.OpenBackend@5a59ca5e]" started-at="2023-10-03T03:36:09 IST" name="beforeTest" finished-at="2023-10-03T03:36:10 IST" duration-ms="349" status="PASS">
          <params>
            <param index="0">
              <value>
                <![CDATA[org.testng.TestRunner@6b832551]]>
              </value>
            </param>
          </params>
          <reporter-output>
          </reporter-output>
        </test-method> <!-- beforeTest -->
        <test-method is-config="true" signature="beforeMethod(org.testng.ITestContext)[pri:0, instance:Backend_TestCases.OpenBackend@5a59ca5e]" started-at="2023-10-03T03:36:10 IST" name="beforeMethod" finished-at="2023-10-03T03:36:10 IST" duration-ms="0" status="PASS">
          <params>
            <param index="0">
              <value>
                <![CDATA[org.testng.TestRunner@6b832551]]>
              </value>
            </param>
          </params>
          <reporter-output>
          </reporter-output>
        </test-method> <!-- beforeMethod -->
        <test-method signature="openBackend()[pri:0, instance:Backend_TestCases.OpenBackend@5a59ca5e]" started-at="2023-10-03T03:36:10 IST" name="openBackend" finished-at="2023-10-03T03:36:25 IST" duration-ms="15536" status="PASS">
          <reporter-output>
          </reporter-output>
        </test-method> <!-- openBackend -->
        <test-method is-config="true" signature="afterTest(org.testng.ITestContext)[pri:0, instance:Backend_TestCases.OpenBackend@5a59ca5e]" started-at="2023-10-03T03:36:25 IST" name="afterTest" finished-at="2023-10-03T03:36:26 IST" duration-ms="747" status="PASS">
          <params>
            <param index="0">
              <value>
                <![CDATA[org.testng.TestRunner@6b832551]]>
              </value>
            </param>
          </params>
          <reporter-output>
          </reporter-output>
        </test-method> <!-- afterTest -->
      </class> <!-- Backend_TestCases.OpenBackend -->
    </test> <!-- Open Backend -->
    <test started-at="2023-10-03T03:36:26 IST" name="Login" finished-at="2023-10-03T03:37:16 IST" duration-ms="50193">
      <class name="Backend_TestCases.Login">
        <test-method is-config="true" signature="beforeTest(org.testng.ITestContext)[pri:0, instance:Backend_TestCases.Login@4d14b6c2]" started-at="2023-10-03T03:36:26 IST" name="beforeTest" finished-at="2023-10-03T03:36:26 IST" duration-ms="10" status="PASS">
          <params>
            <param index="0">
              <value>
                <![CDATA[org.testng.TestRunner@150d6eaf]]>
              </value>
            </param>
          </params>
          <reporter-output>
          </reporter-output>
        </test-method> <!-- beforeTest -->
        <test-method is-config="true" signature="beforeMethod(org.testng.ITestContext)[pri:0, instance:Backend_TestCases.Login@4d14b6c2]" started-at="2023-10-03T03:36:26 IST" name="beforeMethod" finished-at="2023-10-03T03:36:26 IST" duration-ms="1" status="PASS">
          <params>
            <param index="0">
              <value>
                <![CDATA[org.testng.TestRunner@150d6eaf]]>
              </value>
            </param>
          </params>
          <reporter-output>
          </reporter-output>
        </test-method> <!-- beforeMethod -->
        <test-method signature="login()[pri:1, instance:Backend_TestCases.Login@4d14b6c2]" started-at="2023-10-03T03:36:26 IST" name="login" finished-at="2023-10-03T03:36:50 IST" duration-ms="24185" status="PASS">
          <reporter-output>
          </reporter-output>
        </test-method> <!-- login -->
        <test-method is-config="true" signature="beforeMethod(org.testng.ITestContext)[pri:0, instance:Backend_TestCases.Login@4d14b6c2]" started-at="2023-10-03T03:36:50 IST" name="beforeMethod" finished-at="2023-10-03T03:36:50 IST" duration-ms="1" status="PASS">
          <params>
            <param index="0">
              <value>
                <![CDATA[org.testng.TestRunner@150d6eaf]]>
              </value>
            </param>
          </params>
          <reporter-output>
          </reporter-output>
        </test-method> <!-- beforeMethod -->
        <test-method signature="selectCompany()[pri:2, instance:Backend_TestCases.Login@4d14b6c2]" started-at="2023-10-03T03:36:50 IST" name="selectCompany" finished-at="2023-10-03T03:37:16 IST" duration-ms="25893" status="PASS">
          <reporter-output>
          </reporter-output>
        </test-method> <!-- selectCompany -->
        <test-method is-config="true" signature="afterTest(org.testng.ITestContext)[pri:0, instance:Backend_TestCases.Login@4d14b6c2]" started-at="2023-10-03T03:37:16 IST" name="afterTest" finished-at="2023-10-03T03:37:16 IST" duration-ms="86" status="PASS">
          <params>
            <param index="0">
              <value>
                <![CDATA[org.testng.TestRunner@150d6eaf]]>
              </value>
            </param>
          </params>
          <reporter-output>
          </reporter-output>
        </test-method> <!-- afterTest -->
      </class> <!-- Backend_TestCases.Login -->
    </test> <!-- Login -->
    <test started-at="2023-10-03T03:37:16 IST" name="Manage Links" finished-at="2023-10-03T03:38:12 IST" duration-ms="55253">
      <class name="Backend_TestCases.ManageLinks">
        <test-method is-config="true" signature="beforeSuite(org.testng.ITestContext)[pri:0, instance:Backend_TestCases.ManageLinks@782859e]" started-at="2023-10-03T03:36:09 IST" name="beforeSuite" finished-at="2023-10-03T03:36:09 IST" duration-ms="285" status="PASS">
          <params>
            <param index="0">
              <value>
                <![CDATA[org.testng.TestRunner@3751acd7]]>
              </value>
            </param>
          </params>
          <reporter-output>
          </reporter-output>
        </test-method> <!-- beforeSuite -->
        <test-method is-config="true" signature="beforeTest(org.testng.ITestContext)[pri:0, instance:Backend_TestCases.ManageLinks@782859e]" started-at="2023-10-03T03:37:16 IST" name="beforeTest" finished-at="2023-10-03T03:37:16 IST" duration-ms="8" status="PASS">
          <params>
            <param index="0">
              <value>
                <![CDATA[org.testng.TestRunner@3751acd7]]>
              </value>
            </param>
          </params>
          <reporter-output>
          </reporter-output>
        </test-method> <!-- beforeTest -->
        <test-method is-config="true" signature="beforeMethod(org.testng.ITestContext)[pri:0, instance:Backend_TestCases.ManageLinks@782859e]" started-at="2023-10-03T03:37:16 IST" name="beforeMethod" finished-at="2023-10-03T03:37:16 IST" duration-ms="1" status="PASS">
          <params>
            <param index="0">
              <value>
                <![CDATA[org.testng.TestRunner@3751acd7]]>
              </value>
            </param>
          </params>
          <reporter-output>
          </reporter-output>
        </test-method> <!-- beforeMethod -->
        <test-method signature="openManageLinks()[pri:0, instance:Backend_TestCases.ManageLinks@782859e]" started-at="2023-10-03T03:37:16 IST" name="openManageLinks" finished-at="2023-10-03T03:37:32 IST" duration-ms="15736" status="PASS">
          <reporter-output>
          </reporter-output>
        </test-method> <!-- openManageLinks -->
        <test-method is-config="true" signature="beforeMethod(org.testng.ITestContext)[pri:0, instance:Backend_TestCases.ManageLinks@782859e]" started-at="2023-10-03T03:37:32 IST" name="beforeMethod" finished-at="2023-10-03T03:37:32 IST" duration-ms="1" status="PASS">
          <params>
            <param index="0">
              <value>
                <![CDATA[org.testng.TestRunner@3751acd7]]>
              </value>
            </param>
          </params>
          <reporter-output>
          </reporter-output>
        </test-method> <!-- beforeMethod -->
        <test-method signature="enableDisableLinks()[pri:0, instance:Backend_TestCases.ManageLinks@782859e]" started-at="2023-10-03T03:37:32 IST" name="enableDisableLinks" finished-at="2023-10-03T03:38:12 IST" duration-ms="39448" status="PASS">
          <reporter-output>
          </reporter-output>
        </test-method> <!-- enableDisableLinks -->
        <test-method is-config="true" signature="afterTest(org.testng.ITestContext)[pri:0, instance:Backend_TestCases.ManageLinks@782859e]" started-at="2023-10-03T03:38:12 IST" name="afterTest" finished-at="2023-10-03T03:38:12 IST" duration-ms="48" status="PASS">
          <params>
            <param index="0">
              <value>
                <![CDATA[org.testng.TestRunner@3751acd7]]>
              </value>
            </param>
          </params>
          <reporter-output>
          </reporter-output>
        </test-method> <!-- afterTest -->
        <test-method is-config="true" signature="afterSuite(org.testng.ITestContext)[pri:0, instance:Backend_TestCases.ManageLinks@782859e]" started-at="2023-10-03T03:38:12 IST" name="afterSuite" finished-at="2023-10-03T03:38:12 IST" duration-ms="360" status="PASS">
          <params>
            <param index="0">
              <value>
                <![CDATA[org.testng.TestRunner@3751acd7]]>
              </value>
            </param>
          </params>
          <reporter-output>
          </reporter-output>
        </test-method> <!-- afterSuite -->
      </class> <!-- Backend_TestCases.ManageLinks -->
    </test> <!-- Manage Links -->
  </suite> <!-- Suite -->
</testng-results>
