<?xml version="1.0" encoding="UTF-8"?>
<testng-results ignored="0" total="6" passed="6" failed="0" skipped="0">
  <reporter-output>
  </reporter-output>
  <suite started-at="2023-10-04T18:34:52 IST" name="Suite" finished-at="2023-10-04T18:36:50 IST" duration-ms="118048">
    <groups>
    </groups>
    <test started-at="2023-10-04T18:34:52 IST" name="Open Backend" finished-at="2023-10-04T18:35:02 IST" duration-ms="9939">
      <class name="Backend_TestCases.OpenBackend">
        <test-method is-config="true" signature="beforeTest(org.testng.ITestContext)[pri:0, instance:Backend_TestCases.OpenBackend@6c4906d3]" started-at="2023-10-04T18:34:52 IST" name="beforeTest" finished-at="2023-10-04T18:34:52 IST" duration-ms="792" status="PASS">
          <params>
            <param index="0">
              <value>
                <![CDATA[org.testng.TestRunner@10bdfbcc]]>
              </value>
            </param>
          </params>
          <reporter-output>
          </reporter-output>
        </test-method> <!-- beforeTest -->
        <test-method is-config="true" signature="beforeMethod(org.testng.ITestContext)[pri:0, instance:Backend_TestCases.OpenBackend@6c4906d3]" started-at="2023-10-04T18:34:53 IST" name="beforeMethod" finished-at="2023-10-04T18:34:53 IST" duration-ms="0" status="PASS">
          <params>
            <param index="0">
              <value>
                <![CDATA[org.testng.TestRunner@10bdfbcc]]>
              </value>
            </param>
          </params>
          <reporter-output>
          </reporter-output>
        </test-method> <!-- beforeMethod -->
        <test-method signature="openBackend()[pri:0, instance:Backend_TestCases.OpenBackend@6c4906d3]" started-at="2023-10-04T18:34:53 IST" name="openBackend" finished-at="2023-10-04T18:35:01 IST" duration-ms="8678" status="PASS">
          <reporter-output>
          </reporter-output>
        </test-method> <!-- openBackend -->
        <test-method is-config="true" signature="afterTest(org.testng.ITestContext)[pri:0, instance:Backend_TestCases.OpenBackend@6c4906d3]" started-at="2023-10-04T18:35:01 IST" name="afterTest" finished-at="2023-10-04T18:35:02 IST" duration-ms="359" status="PASS">
          <params>
            <param index="0">
              <value>
                <![CDATA[org.testng.TestRunner@10bdfbcc]]>
              </value>
            </param>
          </params>
          <reporter-output>
          </reporter-output>
        </test-method> <!-- afterTest -->
      </class> <!-- Backend_TestCases.OpenBackend -->
    </test> <!-- Open Backend -->
    <test started-at="2023-10-04T18:35:02 IST" name="Login" finished-at="2023-10-04T18:35:47 IST" duration-ms="45352">
      <class name="Backend_TestCases.Login">
        <test-method is-config="true" signature="beforeTest(org.testng.ITestContext)[pri:0, instance:Backend_TestCases.Login@c05fddc]" started-at="2023-10-04T18:35:02 IST" name="beforeTest" finished-at="2023-10-04T18:35:02 IST" duration-ms="3" status="PASS">
          <params>
            <param index="0">
              <value>
                <![CDATA[org.testng.TestRunner@25b74370]]>
              </value>
            </param>
          </params>
          <reporter-output>
          </reporter-output>
        </test-method> <!-- beforeTest -->
        <test-method signature="login()[pri:1, instance:Backend_TestCases.Login@c05fddc]" started-at="2023-10-04T18:35:02 IST" name="login" finished-at="2023-10-04T18:35:23 IST" duration-ms="21245" status="PASS">
          <reporter-output>
          </reporter-output>
        </test-method> <!-- login -->
        <test-method is-config="true" signature="beforeMethod(org.testng.ITestContext)[pri:0, instance:Backend_TestCases.Login@c05fddc]" started-at="2023-10-04T18:35:02 IST" name="beforeMethod" finished-at="2023-10-04T18:35:02 IST" duration-ms="0" status="PASS">
          <params>
            <param index="0">
              <value>
                <![CDATA[org.testng.TestRunner@25b74370]]>
              </value>
            </param>
          </params>
          <reporter-output>
          </reporter-output>
        </test-method> <!-- beforeMethod -->
        <test-method signature="selectCompany()[pri:2, instance:Backend_TestCases.Login@c05fddc]" started-at="2023-10-04T18:35:23 IST" name="selectCompany" finished-at="2023-10-04T18:35:47 IST" duration-ms="24070" status="PASS">
          <reporter-output>
          </reporter-output>
        </test-method> <!-- selectCompany -->
        <test-method is-config="true" signature="beforeMethod(org.testng.ITestContext)[pri:0, instance:Backend_TestCases.Login@c05fddc]" started-at="2023-10-04T18:35:23 IST" name="beforeMethod" finished-at="2023-10-04T18:35:23 IST" duration-ms="0" status="PASS">
          <params>
            <param index="0">
              <value>
                <![CDATA[org.testng.TestRunner@25b74370]]>
              </value>
            </param>
          </params>
          <reporter-output>
          </reporter-output>
        </test-method> <!-- beforeMethod -->
        <test-method is-config="true" signature="afterTest(org.testng.ITestContext)[pri:0, instance:Backend_TestCases.Login@c05fddc]" started-at="2023-10-04T18:35:47 IST" name="afterTest" finished-at="2023-10-04T18:35:47 IST" duration-ms="31" status="PASS">
          <params>
            <param index="0">
              <value>
                <![CDATA[org.testng.TestRunner@25b74370]]>
              </value>
            </param>
          </params>
          <reporter-output>
          </reporter-output>
        </test-method> <!-- afterTest -->
      </class> <!-- Backend_TestCases.Login -->
    </test> <!-- Login -->
    <test started-at="2023-10-04T18:35:47 IST" name="Manage Division" finished-at="2023-10-04T18:36:50 IST" duration-ms="62728">
      <class name="Backend_TestCases.ManageDivision">
        <test-method is-config="true" signature="beforeSuite(org.testng.ITestContext)[pri:0, instance:Backend_TestCases.ManageDivision@16150369]" started-at="2023-10-04T18:34:51 IST" name="beforeSuite" finished-at="2023-10-04T18:34:52 IST" duration-ms="281" status="PASS">
          <params>
            <param index="0">
              <value>
                <![CDATA[org.testng.TestRunner@49986178]]>
              </value>
            </param>
          </params>
          <reporter-output>
          </reporter-output>
        </test-method> <!-- beforeSuite -->
        <test-method signature="openManageDivision()[pri:0, instance:Backend_TestCases.ManageDivision@16150369]" started-at="2023-10-04T18:35:47 IST" name="openManageDivision" finished-at="2023-10-04T18:36:02 IST" duration-ms="14535" status="PASS">
          <reporter-output>
          </reporter-output>
        </test-method> <!-- openManageDivision -->
        <test-method is-config="true" signature="beforeMethod(org.testng.ITestContext)[pri:0, instance:Backend_TestCases.ManageDivision@16150369]" started-at="2023-10-04T18:35:47 IST" name="beforeMethod" finished-at="2023-10-04T18:35:47 IST" duration-ms="0" status="PASS">
          <params>
            <param index="0">
              <value>
                <![CDATA[org.testng.TestRunner@49986178]]>
              </value>
            </param>
          </params>
          <reporter-output>
          </reporter-output>
        </test-method> <!-- beforeMethod -->
        <test-method is-config="true" signature="beforeTest(org.testng.ITestContext)[pri:0, instance:Backend_TestCases.ManageDivision@16150369]" started-at="2023-10-04T18:35:47 IST" name="beforeTest" finished-at="2023-10-04T18:35:47 IST" duration-ms="0" status="PASS">
          <params>
            <param index="0">
              <value>
                <![CDATA[org.testng.TestRunner@49986178]]>
              </value>
            </param>
          </params>
          <reporter-output>
          </reporter-output>
        </test-method> <!-- beforeTest -->
        <test-method signature="validateManageDivision()[pri:0, instance:Backend_TestCases.ManageDivision@16150369]" started-at="2023-10-04T18:36:02 IST" name="validateManageDivision" finished-at="2023-10-04T18:36:20 IST" duration-ms="18828" status="PASS">
          <reporter-output>
          </reporter-output>
        </test-method> <!-- validateManageDivision -->
        <test-method is-config="true" signature="beforeMethod(org.testng.ITestContext)[pri:0, instance:Backend_TestCases.ManageDivision@16150369]" started-at="2023-10-04T18:36:02 IST" name="beforeMethod" finished-at="2023-10-04T18:36:02 IST" duration-ms="0" status="PASS">
          <params>
            <param index="0">
              <value>
                <![CDATA[org.testng.TestRunner@49986178]]>
              </value>
            </param>
          </params>
          <reporter-output>
          </reporter-output>
        </test-method> <!-- beforeMethod -->
        <test-method signature="addDivision()[pri:0, instance:Backend_TestCases.ManageDivision@16150369]" started-at="2023-10-04T18:36:20 IST" name="addDivision" finished-at="2023-10-04T18:36:50 IST" duration-ms="29334" status="PASS">
          <reporter-output>
          </reporter-output>
        </test-method> <!-- addDivision -->
        <test-method is-config="true" signature="beforeMethod(org.testng.ITestContext)[pri:0, instance:Backend_TestCases.ManageDivision@16150369]" started-at="2023-10-04T18:36:20 IST" name="beforeMethod" finished-at="2023-10-04T18:36:20 IST" duration-ms="0" status="PASS">
          <params>
            <param index="0">
              <value>
                <![CDATA[org.testng.TestRunner@49986178]]>
              </value>
            </param>
          </params>
          <reporter-output>
          </reporter-output>
        </test-method> <!-- beforeMethod -->
        <test-method is-config="true" signature="afterTest(org.testng.ITestContext)[pri:0, instance:Backend_TestCases.ManageDivision@16150369]" started-at="2023-10-04T18:36:50 IST" name="afterTest" finished-at="2023-10-04T18:36:50 IST" duration-ms="31" status="PASS">
          <params>
            <param index="0">
              <value>
                <![CDATA[org.testng.TestRunner@49986178]]>
              </value>
            </param>
          </params>
          <reporter-output>
          </reporter-output>
        </test-method> <!-- afterTest -->
        <test-method is-config="true" signature="afterSuite(org.testng.ITestContext)[pri:0, instance:Backend_TestCases.ManageDivision@16150369]" started-at="2023-10-04T18:36:50 IST" name="afterSuite" finished-at="2023-10-04T18:36:50 IST" duration-ms="195" status="PASS">
          <params>
            <param index="0">
              <value>
                <![CDATA[org.testng.TestRunner@49986178]]>
              </value>
            </param>
          </params>
          <reporter-output>
          </reporter-output>
        </test-method> <!-- afterSuite -->
      </class> <!-- Backend_TestCases.ManageDivision -->
    </test> <!-- Manage Division -->
  </suite> <!-- Suite -->
</testng-results>
